<?xml version="1.0" encoding="UTF-8"?>
<testng-results ignored="0" total="1" passed="1" failed="0" skipped="0">
  <reporter-output>
  </reporter-output>
  <suite started-at="2021-03-18T03:36:11Z" name="Default suite" finished-at="2021-03-18T03:36:53Z" duration-ms="41564">
    <groups>
    </groups>
    <test started-at="2021-03-18T03:36:11Z" name="Default test" finished-at="2021-03-18T03:36:53Z" duration-ms="41564">
      <class name="com.bit.demo.BaseTest">
        <test-method signature="openbrowser()[pri:0, instance:com.bit.demo.BaseTest@1863d2fe]" started-at="2021-03-18T03:36:11Z" name="openbrowser" finished-at="2021-03-18T03:36:53Z" duration-ms="41487" status="PASS">
          <reporter-output>
          </reporter-output>
        </test-method> <!-- openbrowser -->
      </class> <!-- com.bit.demo.BaseTest -->
    </test> <!-- Default test -->
  </suite> <!-- Default suite -->
</testng-results>
